java.lang.Exception: Error getting Bloop class path
  bloop.rifle.BloopRifle$.startServer(BloopRifle.scala:51)
  bloop.rifle.BloopServer$.startBloop$1(BloopServer.scala:77)
  bloop.rifle.BloopServer$.ensureBloopRunning(BloopServer.scala:108)
  bloop.rifle.BloopServer$.bsp(BloopServer.scala:156)
  bloop.rifle.BloopServer$.buildServer(BloopServer.scala:186)
  scala.build.bsp.BspImpl.$anonfun$10(BspImpl.scala:424)
  scala.build.compiler.BloopCompiler.<init>(BloopCompiler.scala:12)
  scala.build.bsp.BspImpl.newBloopSession(BspImpl.scala:429)
  scala.build.bsp.BspImpl.run(BspImpl.scala:465)
  scala.cli.commands.bsp.Bsp$.runCommand$$anonfun$1(Bsp.scala:184)
  scala.runtime.function.JProcedure1.apply(JProcedure1.java:15)
  scala.runtime.function.JProcedure1.apply(JProcedure1.java:10)
  scala.build.bsp.BspThreads$.withThreads(BspThreads.scala:23)
  scala.cli.commands.bsp.Bsp$.runCommand(Bsp.scala:173)
  scala.cli.commands.bsp.Bsp$.runCommand(Bsp.scala:75)
  scala.cli.commands.ScalaCommand.run(ScalaCommand.scala:401)
  scala.cli.commands.ScalaCommand.run(ScalaCommand.scala:382)
  caseapp.core.app.CaseApp.main(CaseApp.scala:166)
  scala.cli.commands.ScalaCommand.main(ScalaCommand.scala:367)
  caseapp.core.app.CommandsEntryPoint.main(CommandsEntryPoint.scala:370)
  scala.cli.ScalaCliCommands.main(ScalaCliCommands.scala:125)
  scala.cli.ScalaCli$.main0$$anonfun$1(ScalaCli.scala:338)
  scala.runtime.function.JProcedure1.apply(JProcedure1.java:15)
  scala.runtime.function.JProcedure1.apply(JProcedure1.java:10)
  scala.build.EitherCps$Helper.apply(EitherCps.scala:19)
  scala.cli.ScalaCli$.main0(ScalaCli.scala:239)
  scala.cli.ScalaCli$.main(ScalaCli.scala:123)
  scala.cli.ScalaCli.main(ScalaCli.scala)
scala.build.errors.FetchingDependenciesError: Error fetching artifacts:
https://repo.scala-lang.org/artifactory/maven-nightlies/org/scala-lang/scala-compiler/2.12.20/scala-compiler-2.12.20.jar: download error: Caught java.net.UnknownHostException (repo.scala-lang.org) while downloading https://repo.scala-lang.org/artifactory/maven-nightlies/org/scala-lang/scala-compiler/2.12.20/scala-compiler-2.12.20.jar

  scala.build.Artifacts$.fetchCsDependencies$$anonfun$1$$anonfun$2(Artifacts.scala:824)
  scala.util.Either$LeftProjection.map(Either.scala:622)
  scala.build.Artifacts$.fetchCsDependencies$$anonfun$1(Artifacts.scala:817)
  scala.build.EitherCps$Helper.apply(EitherCps.scala:19)
  scala.build.Artifacts$.fetchCsDependencies(Artifacts.scala:797)
  scala.build.Artifacts$.fetchAnyDependenciesWithResult$$anonfun$1(Artifacts.scala:715)
  scala.build.EitherCps$Helper.apply(EitherCps.scala:19)
  scala.build.Artifacts$.fetchAnyDependenciesWithResult(Artifacts.scala:691)
  scala.build.Artifacts$.fetchAnyDependencies$$anonfun$1(Artifacts.scala:677)
  scala.build.EitherCps$Helper.apply(EitherCps.scala:19)
  scala.build.Artifacts$.fetchAnyDependencies(Artifacts.scala:668)
  scala.build.Artifacts$.artifacts$$anonfun$1(Artifacts.scala:606)
  scala.build.EitherCps$Helper.apply(EitherCps.scala:19)
  scala.build.Artifacts$.artifacts(Artifacts.scala:604)
  scala.build.Bloop$.bloopClassPath$$anonfun$1(Bloop.scala:79)
  scala.build.EitherCps$Helper.apply(EitherCps.scala:19)
  scala.build.Bloop$.bloopClassPath(Bloop.scala:77)
  scala.build.Bloop$.bloopClassPath$$anonfun$2(Bloop.scala:114)
  scala.build.EitherCps$Helper.apply(EitherCps.scala:19)
  scala.build.Bloop$.bloopClassPath(Bloop.scala:104)
  scala.cli.commands.shared.SharedCompilationServerOptions.$anonfun$13(SharedCompilationServerOptions.scala:264)
  bloop.rifle.BloopRifle$.startServer(BloopRifle.scala:50)
  bloop.rifle.BloopServer$.startBloop$1(BloopServer.scala:77)
  bloop.rifle.BloopServer$.ensureBloopRunning(BloopServer.scala:108)
  bloop.rifle.BloopServer$.bsp(BloopServer.scala:156)
  bloop.rifle.BloopServer$.buildServer(BloopServer.scala:186)
  scala.build.bsp.BspImpl.$anonfun$10(BspImpl.scala:424)
  scala.build.compiler.BloopCompiler.<init>(BloopCompiler.scala:12)
  scala.build.bsp.BspImpl.newBloopSession(BspImpl.scala:429)
  scala.build.bsp.BspImpl.run(BspImpl.scala:465)
  scala.cli.commands.bsp.Bsp$.runCommand$$anonfun$1(Bsp.scala:184)
  scala.runtime.function.JProcedure1.apply(JProcedure1.java:15)
  scala.runtime.function.JProcedure1.apply(JProcedure1.java:10)
  scala.build.bsp.BspThreads$.withThreads(BspThreads.scala:23)
  scala.cli.commands.bsp.Bsp$.runCommand(Bsp.scala:173)
  scala.cli.commands.bsp.Bsp$.runCommand(Bsp.scala:75)
  scala.cli.commands.ScalaCommand.run(ScalaCommand.scala:401)
  scala.cli.commands.ScalaCommand.run(ScalaCommand.scala:382)
  caseapp.core.app.CaseApp.main(CaseApp.scala:166)
  scala.cli.commands.ScalaCommand.main(ScalaCommand.scala:367)
  caseapp.core.app.CommandsEntryPoint.main(CommandsEntryPoint.scala:370)
  scala.cli.ScalaCliCommands.main(ScalaCliCommands.scala:125)
  scala.cli.ScalaCli$.main0$$anonfun$1(ScalaCli.scala:338)
  scala.runtime.function.JProcedure1.apply(JProcedure1.java:15)
  scala.runtime.function.JProcedure1.apply(JProcedure1.java:10)
  scala.build.EitherCps$Helper.apply(EitherCps.scala:19)
  scala.cli.ScalaCli$.main0(ScalaCli.scala:239)
  scala.cli.ScalaCli$.main(ScalaCli.scala:123)
  scala.cli.ScalaCli.main(ScalaCli.scala)
coursier.error.FetchError$DownloadingArtifacts: Error fetching artifacts:
https://repo.scala-lang.org/artifactory/maven-nightlies/org/scala-lang/scala-compiler/2.12.20/scala-compiler-2.12.20.jar: download error: Caught java.net.UnknownHostException (repo.scala-lang.org) while downloading https://repo.scala-lang.org/artifactory/maven-nightlies/org/scala-lang/scala-compiler/2.12.20/scala-compiler-2.12.20.jar

  coursier.Artifacts$.$anonfun$fetchArtifacts$9(Artifacts.scala:505)
  coursier.util.Task$.$anonfun$flatMap$extension$1(Task.scala:14)
  coursier.util.Task$.$anonfun$flatMap$extension$1$adapted(Task.scala:14)
  coursier.util.Task$.wrap(Task.scala:82)
  coursier.util.Task$.$anonfun$flatMap$2(Task.scala:14)
  scala.concurrent.impl.Promise$Transformation.run(Promise.scala:503)
  java.base@17.0.9/java.util.concurrent.ThreadPoolExecutor.runWorker(ThreadPoolExecutor.java:1136)
  java.base@17.0.9/java.util.concurrent.ThreadPoolExecutor$Worker.run(ThreadPoolExecutor.java:635)
  java.base@17.0.9/java.lang.Thread.run(Thread.java:840)
  com.oracle.svm.core.thread.PlatformThreads.threadStartRoutine(PlatformThreads.java:807)
  com.oracle.svm.core.windows.WindowsPlatformThreads.osThreadStartRoutine(WindowsPlatformThreads.java:179)
coursier.cache.ArtifactError$DownloadError: download error: Caught java.net.UnknownHostException (repo.scala-lang.org) while downloading https://repo.scala-lang.org/artifactory/maven-nightlies/org/scala-lang/scala-compiler/2.12.20/scala-compiler-2.12.20.jar
  coursier.cache.internal.Downloader$.$anonfun$downloading$1(Downloader.scala:853)
  coursier.cache.internal.Retry.loop$1(Retry.scala:23)
  coursier.cache.internal.Retry.retryOpt(Retry.scala:39)
  coursier.cache.internal.Downloader$.coursier$cache$internal$Downloader$$downloading(Downloader.scala:857)
  coursier.cache.internal.Downloader$Blocking$.remote(Downloader.scala:436)
  coursier.cache.internal.Downloader.$anonfun$remote$6(Downloader.scala:569)
  scala.concurrent.Future$.$anonfun$apply$1(Future.scala:691)
  scala.concurrent.impl.Promise$Transformation.run(Promise.scala:500)
  java.base@17.0.9/java.util.concurrent.ThreadPoolExecutor.runWorker(ThreadPoolExecutor.java:1136)
  java.base@17.0.9/java.util.concurrent.ThreadPoolExecutor$Worker.run(ThreadPoolExecutor.java:635)
  java.base@17.0.9/java.lang.Thread.run(Thread.java:840)
  com.oracle.svm.core.thread.PlatformThreads.threadStartRoutine(PlatformThreads.java:807)
  com.oracle.svm.core.windows.WindowsPlatformThreads.osThreadStartRoutine(WindowsPlatformThreads.java:179)
java.net.UnknownHostException: repo.scala-lang.org
  java.base@17.0.9/sun.nio.ch.NioSocketImpl.connect(NioSocketImpl.java:572)
  java.base@17.0.9/java.net.SocksSocketImpl.connect(SocksSocketImpl.java:327)
  java.base@17.0.9/java.net.Socket.connect(Socket.java:633)
  java.base@17.0.9/sun.security.ssl.SSLSocketImpl.connect(SSLSocketImpl.java:304)
  java.base@17.0.9/sun.net.NetworkClient.doConnect(NetworkClient.java:178)
  java.base@17.0.9/sun.net.www.http.HttpClient.openServer(HttpClient.java:533)
  java.base@17.0.9/sun.net.www.http.HttpClient.openServer(HttpClient.java:638)
  java.base@17.0.9/sun.net.www.protocol.https.HttpsClient.<init>(HttpsClient.java:266)
  java.base@17.0.9/sun.net.www.protocol.https.HttpsClient.New(HttpsClient.java:380)
  java.base@17.0.9/sun.net.www.protocol.https.HttpsClient.New(HttpsClient.java:309)
  java.base@17.0.9/sun.net.www.protocol.https.AbstractDelegateHttpsURLConnection.setNewClient(AbstractDelegateHttpsURLConnection.java:95)
  java.base@17.0.9/sun.net.www.protocol.https.AbstractDelegateHttpsURLConnection.setNewClient(AbstractDelegateHttpsURLConnection.java:82)
  java.base@17.0.9/sun.net.www.protocol.http.HttpURLConnection.writeRequests(HttpURLConnection.java:759)
  java.base@17.0.9/sun.net.www.protocol.http.HttpURLConnection.getInputStream0(HttpURLConnection.java:1686)
  java.base@17.0.9/sun.net.www.protocol.http.HttpURLConnection.getInputStream(HttpURLConnection.java:1589)
  java.base@17.0.9/java.net.HttpURLConnection.getResponseCode(HttpURLConnection.java:529)
  java.base@17.0.9/sun.net.www.protocol.https.HttpsURLConnectionImpl.getResponseCode(HttpsURLConnectionImpl.java:308)
  coursier.cache.CacheUrl$.redirectTo(CacheUrl.scala:177)
  coursier.cache.CacheUrl$.redirect(CacheUrl.scala:192)
  coursier.cache.CacheUrl$.urlConnectionMaybePartial(CacheUrl.scala:348)
  coursier.cache.ConnectionBuilder.connectionMaybePartial(ConnectionBuilder.scala:50)
  coursier.cache.ConnectionBuilder.connection(ConnectionBuilder.scala:29)
  coursier.cache.internal.Downloader$.coursier$cache$internal$Downloader$$contentLength(Downloader.scala:895)
  coursier.cache.internal.Downloader$Blocking$.progress$1(Downloader.scala:350)
  coursier.cache.internal.Downloader$Blocking$.checkDownload(Downloader.scala:407)
  coursier.cache.internal.Downloader$Blocking$.$anonfun$remote$3(Downloader.scala:434)
  coursier.cache.CacheLocks$.loop$1(CacheLocks.scala:94)
  coursier.cache.CacheLocks$.withLockOr(CacheLocks.scala:119)
  coursier.cache.internal.Downloader$Blocking$.$anonfun$remote$1(Downloader.scala:434)
  coursier.cache.internal.Downloader$.$anonfun$downloading$2(Downloader.scala:818)
  coursier.cache.CacheLocks$.withUrlLock(CacheLocks.scala:138)
  coursier.cache.internal.Downloader$.$anonfun$downloading$1(Downloader.scala:818)
  coursier.cache.internal.Retry.loop$1(Retry.scala:23)
  coursier.cache.internal.Retry.retryOpt(Retry.scala:39)
  coursier.cache.internal.Downloader$.coursier$cache$internal$Downloader$$downloading(Downloader.scala:857)
  coursier.cache.internal.Downloader$Blocking$.remote(Downloader.scala:436)
  coursier.cache.internal.Downloader.$anonfun$remote$6(Downloader.scala:569)
  scala.concurrent.Future$.$anonfun$apply$1(Future.scala:691)
  scala.concurrent.impl.Promise$Transformation.run(Promise.scala:500)
  java.base@17.0.9/java.util.concurrent.ThreadPoolExecutor.runWorker(ThreadPoolExecutor.java:1136)
  java.base@17.0.9/java.util.concurrent.ThreadPoolExecutor$Worker.run(ThreadPoolExecutor.java:635)
  java.base@17.0.9/java.lang.Thread.run(Thread.java:840)
  com.oracle.svm.core.thread.PlatformThreads.threadStartRoutine(PlatformThreads.java:807)
  com.oracle.svm.core.windows.WindowsPlatformThreads.osThreadStartRoutine(WindowsPlatformThreads.java:179)
