java.lang.Exception: Error getting Bloop class path
  bloop.rifle.BloopRifle$.startServer(BloopRifle.scala:51)
  bloop.rifle.BloopServer$.startBloop$1(BloopServer.scala:77)
  bloop.rifle.BloopServer$.ensureBloopRunning(BloopServer.scala:108)
  bloop.rifle.BloopServer$.bsp(BloopServer.scala:156)
  bloop.rifle.BloopServer$.buildServer(BloopServer.scala:186)
  scala.build.bsp.BspImpl.$anonfun$10(BspImpl.scala:424)
  scala.build.compiler.BloopCompiler.<init>(BloopCompiler.scala:12)
  scala.build.bsp.BspImpl.newBloopSession(BspImpl.scala:429)
  scala.build.bsp.BspImpl.run(BspImpl.scala:465)
  scala.cli.commands.bsp.Bsp$.runCommand$$anonfun$1(Bsp.scala:184)
  scala.runtime.function.JProcedure1.apply(JProcedure1.java:15)
  scala.runtime.function.JProcedure1.apply(JProcedure1.java:10)
  scala.build.bsp.BspThreads$.withThreads(BspThreads.scala:23)
  scala.cli.commands.bsp.Bsp$.runCommand(Bsp.scala:173)
  scala.cli.commands.bsp.Bsp$.runCommand(Bsp.scala:75)
  scala.cli.commands.ScalaCommand.run(ScalaCommand.scala:400)
  scala.cli.commands.ScalaCommand.run(ScalaCommand.scala:381)
  caseapp.core.app.CaseApp.main(CaseApp.scala:166)
  scala.cli.commands.ScalaCommand.main(ScalaCommand.scala:366)
  caseapp.core.app.CommandsEntryPoint.main(CommandsEntryPoint.scala:370)
  scala.cli.ScalaCliCommands.main(ScalaCliCommands.scala:125)
  scala.cli.ScalaCli$.main0$$anonfun$1(ScalaCli.scala:338)
  scala.runtime.function.JProcedure1.apply(JProcedure1.java:15)
  scala.runtime.function.JProcedure1.apply(JProcedure1.java:10)
  scala.build.EitherCps$Helper.apply(EitherCps.scala:19)
  scala.cli.ScalaCli$.main0(ScalaCli.scala:239)
  scala.cli.ScalaCli$.main(ScalaCli.scala:123)
  scala.cli.ScalaCli.main(ScalaCli.scala)
scala.build.errors.FetchingDependenciesError: Error fetching artifacts:
https://repo.scala-lang.org/artifactory/maven-nightlies/org/scala-lang/scala-compiler/2.12.20/scala-compiler-2.12.20.jar: download error: Caught java.net.SocketException (你的主机中的软件中止了一个已建立的连接。) while downloading https://repo.scala-lang.org/artifactory/maven-nightlies/org/scala-lang/scala-compiler/2.12.20/scala-compiler-2.12.20.jar

  scala.build.Artifacts$.fetchCsDependencies$$anonfun$1$$anonfun$2(Artifacts.scala:829)
  scala.util.Either$LeftProjection.map(Either.scala:622)
  scala.build.Artifacts$.fetchCsDependencies$$anonfun$1(Artifacts.scala:822)
  scala.build.EitherCps$Helper.apply(EitherCps.scala:19)
  scala.build.Artifacts$.fetchCsDependencies(Artifacts.scala:802)
  scala.build.Artifacts$.fetchAnyDependenciesWithResult$$anonfun$1(Artifacts.scala:720)
  scala.build.EitherCps$Helper.apply(EitherCps.scala:19)
  scala.build.Artifacts$.fetchAnyDependenciesWithResult(Artifacts.scala:696)
  scala.build.Artifacts$.fetchAnyDependencies$$anonfun$1(Artifacts.scala:682)
  scala.build.EitherCps$Helper.apply(EitherCps.scala:19)
  scala.build.Artifacts$.fetchAnyDependencies(Artifacts.scala:673)
  scala.build.Artifacts$.artifacts$$anonfun$1(Artifacts.scala:611)
  scala.build.EitherCps$Helper.apply(EitherCps.scala:19)
  scala.build.Artifacts$.artifacts(Artifacts.scala:609)
  scala.build.Bloop$.bloopClassPath$$anonfun$1(Bloop.scala:80)
  scala.build.EitherCps$Helper.apply(EitherCps.scala:19)
  scala.build.Bloop$.bloopClassPath(Bloop.scala:78)
  scala.build.Bloop$.bloopClassPath$$anonfun$2(Bloop.scala:116)
  scala.build.EitherCps$Helper.apply(EitherCps.scala:19)
  scala.build.Bloop$.bloopClassPath(Bloop.scala:106)
  scala.cli.commands.shared.SharedCompilationServerOptions.$anonfun$13(SharedCompilationServerOptions.scala:264)
  bloop.rifle.BloopRifle$.startServer(BloopRifle.scala:50)
  bloop.rifle.BloopServer$.startBloop$1(BloopServer.scala:77)
  bloop.rifle.BloopServer$.ensureBloopRunning(BloopServer.scala:108)
  bloop.rifle.BloopServer$.bsp(BloopServer.scala:156)
  bloop.rifle.BloopServer$.buildServer(BloopServer.scala:186)
  scala.build.bsp.BspImpl.$anonfun$10(BspImpl.scala:424)
  scala.build.compiler.BloopCompiler.<init>(BloopCompiler.scala:12)
  scala.build.bsp.BspImpl.newBloopSession(BspImpl.scala:429)
  scala.build.bsp.BspImpl.run(BspImpl.scala:465)
  scala.cli.commands.bsp.Bsp$.runCommand$$anonfun$1(Bsp.scala:184)
  scala.runtime.function.JProcedure1.apply(JProcedure1.java:15)
  scala.runtime.function.JProcedure1.apply(JProcedure1.java:10)
  scala.build.bsp.BspThreads$.withThreads(BspThreads.scala:23)
  scala.cli.commands.bsp.Bsp$.runCommand(Bsp.scala:173)
  scala.cli.commands.bsp.Bsp$.runCommand(Bsp.scala:75)
  scala.cli.commands.ScalaCommand.run(ScalaCommand.scala:400)
  scala.cli.commands.ScalaCommand.run(ScalaCommand.scala:381)
  caseapp.core.app.CaseApp.main(CaseApp.scala:166)
  scala.cli.commands.ScalaCommand.main(ScalaCommand.scala:366)
  caseapp.core.app.CommandsEntryPoint.main(CommandsEntryPoint.scala:370)
  scala.cli.ScalaCliCommands.main(ScalaCliCommands.scala:125)
  scala.cli.ScalaCli$.main0$$anonfun$1(ScalaCli.scala:338)
  scala.runtime.function.JProcedure1.apply(JProcedure1.java:15)
  scala.runtime.function.JProcedure1.apply(JProcedure1.java:10)
  scala.build.EitherCps$Helper.apply(EitherCps.scala:19)
  scala.cli.ScalaCli$.main0(ScalaCli.scala:239)
  scala.cli.ScalaCli$.main(ScalaCli.scala:123)
  scala.cli.ScalaCli.main(ScalaCli.scala)
coursier.error.FetchError$DownloadingArtifacts: Error fetching artifacts:
https://repo.scala-lang.org/artifactory/maven-nightlies/org/scala-lang/scala-compiler/2.12.20/scala-compiler-2.12.20.jar: download error: Caught java.net.SocketException (你的主机中的软件中止了一个已建立的连接。) while downloading https://repo.scala-lang.org/artifactory/maven-nightlies/org/scala-lang/scala-compiler/2.12.20/scala-compiler-2.12.20.jar

  coursier.Artifacts$.$anonfun$fetchArtifacts$9(Artifacts.scala:505)
  coursier.util.Task$.$anonfun$flatMap$extension$1(Task.scala:14)
  coursier.util.Task$.$anonfun$flatMap$extension$1$adapted(Task.scala:14)
  coursier.util.Task$.wrap(Task.scala:82)
  coursier.util.Task$.$anonfun$flatMap$2(Task.scala:14)
  scala.concurrent.impl.Promise$Transformation.run(Promise.scala:503)
  java.base/java.util.concurrent.ThreadPoolExecutor.runWorker(ThreadPoolExecutor.java:1090)
  java.base/java.util.concurrent.ThreadPoolExecutor$Worker.run(ThreadPoolExecutor.java:614)
  java.base/java.lang.Thread.run(Thread.java:1474)
coursier.cache.ArtifactError$DownloadError: download error: Caught java.net.SocketException (你的主机中的软件中止了一个已建立的连接。) while downloading https://repo.scala-lang.org/artifactory/maven-nightlies/org/scala-lang/scala-compiler/2.12.20/scala-compiler-2.12.20.jar
  coursier.cache.internal.Downloader$.$anonfun$downloading$1(Downloader.scala:853)
  coursier.cache.internal.Retry.loop$1(Retry.scala:23)
  coursier.cache.internal.Retry.retryOpt(Retry.scala:39)
  coursier.cache.internal.Downloader$.coursier$cache$internal$Downloader$$downloading(Downloader.scala:857)
  coursier.cache.internal.Downloader$Blocking$.remote(Downloader.scala:436)
  coursier.cache.internal.Downloader.$anonfun$remote$6(Downloader.scala:569)
  scala.concurrent.Future$.$anonfun$apply$1(Future.scala:691)
  scala.concurrent.impl.Promise$Transformation.run(Promise.scala:500)
  java.base/java.util.concurrent.ThreadPoolExecutor.runWorker(ThreadPoolExecutor.java:1090)
  java.base/java.util.concurrent.ThreadPoolExecutor$Worker.run(ThreadPoolExecutor.java:614)
  java.base/java.lang.Thread.run(Thread.java:1474)
java.net.SocketException: 你的主机中的软件中止了一个已建立的连接。
  java.base/sun.nio.ch.SocketDispatcher.read0(Native Method)
  java.base/sun.nio.ch.SocketDispatcher.read(SocketDispatcher.java:47)
  java.base/sun.nio.ch.NioSocketImpl.tryRead(NioSocketImpl.java:255)
  java.base/sun.nio.ch.NioSocketImpl.implRead(NioSocketImpl.java:305)
  java.base/sun.nio.ch.NioSocketImpl.read(NioSocketImpl.java:354)
  java.base/sun.nio.ch.NioSocketImpl$1.read(NioSocketImpl.java:798)
  java.base/java.net.Socket$SocketInputStream.implRead(Socket.java:974)
  java.base/java.net.Socket$SocketInputStream.read(Socket.java:964)
  java.base/sun.security.ssl.SSLSocketInputRecord.read(SSLSocketInputRecord.java:489)
  java.base/sun.security.ssl.SSLSocketInputRecord.readFully(SSLSocketInputRecord.java:472)
  java.base/sun.security.ssl.SSLSocketInputRecord.decodeInputRecord(SSLSocketInputRecord.java:243)
  java.base/sun.security.ssl.SSLSocketInputRecord.decode(SSLSocketInputRecord.java:181)
  java.base/sun.security.ssl.SSLTransport.decode(SSLTransport.java:111)
  java.base/sun.security.ssl.SSLSocketImpl.decode(SSLSocketImpl.java:1509)
  java.base/sun.security.ssl.SSLSocketImpl.readApplicationRecord(SSLSocketImpl.java:1480)
  java.base/sun.security.ssl.SSLSocketImpl$AppInputStream.read(SSLSocketImpl.java:1068)
  java.base/java.io.BufferedInputStream.read1(BufferedInputStream.java:328)
  java.base/java.io.BufferedInputStream.read(BufferedInputStream.java:388)
  java.base/sun.net.www.MeteredStream.read(MeteredStream.java:134)
  java.base/java.io.FilterInputStream.read(FilterInputStream.java:119)
  java.base/sun.net.www.protocol.http.HttpURLConnection$HttpInputStream.read(HttpURLConnection.java:3308)
  java.base/java.io.BufferedInputStream.read1(BufferedInputStream.java:328)
  java.base/java.io.BufferedInputStream.read(BufferedInputStream.java:388)
  java.base/java.io.FilterInputStream.read(FilterInputStream.java:95)
  coursier.cache.internal.Downloader$.helper$1(Downloader.scala:795)
  coursier.cache.internal.Downloader$.coursier$cache$internal$Downloader$$readFullyTo(Downloader.scala:804)
  coursier.cache.internal.Downloader$Blocking$.doDownload(Downloader.scala:293)
  coursier.cache.internal.Downloader$Blocking$.$anonfun$remote$2(Downloader.scala:431)
  coursier.cache.CacheLocks$.loop$1(CacheLocks.scala:96)
  coursier.cache.CacheLocks$.withLockOr(CacheLocks.scala:119)
  coursier.cache.internal.Downloader$Blocking$.$anonfun$remote$1(Downloader.scala:434)
  coursier.cache.internal.Downloader$.$anonfun$downloading$2(Downloader.scala:818)
  coursier.cache.CacheLocks$.withUrlLock(CacheLocks.scala:138)
  coursier.cache.internal.Downloader$.$anonfun$downloading$1(Downloader.scala:818)
  coursier.cache.internal.Retry.loop$1(Retry.scala:23)
  coursier.cache.internal.Retry.retryOpt(Retry.scala:39)
  coursier.cache.internal.Downloader$.coursier$cache$internal$Downloader$$downloading(Downloader.scala:857)
  coursier.cache.internal.Downloader$Blocking$.remote(Downloader.scala:436)
  coursier.cache.internal.Downloader.$anonfun$remote$6(Downloader.scala:569)
  scala.concurrent.Future$.$anonfun$apply$1(Future.scala:691)
  scala.concurrent.impl.Promise$Transformation.run(Promise.scala:500)
  java.base/java.util.concurrent.ThreadPoolExecutor.runWorker(ThreadPoolExecutor.java:1090)
  java.base/java.util.concurrent.ThreadPoolExecutor$Worker.run(ThreadPoolExecutor.java:614)
  java.base/java.lang.Thread.run(Thread.java:1474)
